TN:
SF:controllers\product.controller.js
FN:13,(anonymous_0)
FN:39,(anonymous_1)
FN:48,(anonymous_2)
FN:58,(anonymous_3)
FN:92,(anonymous_4)
FN:122,(anonymous_5)
FNF:6
FNH:6
FNDA:6,(anonymous_0)
FNDA:4,(anonymous_1)
FNDA:6,(anonymous_2)
FNDA:6,(anonymous_3)
FNDA:3,(anonymous_4)
FNDA:6,(anonymous_5)
DA:1,4
DA:2,4
DA:3,4
DA:4,4
DA:5,4
DA:7,4
DA:13,4
DA:14,6
DA:16,6
DA:17,6
DA:18,4
DA:19,4
DA:21,2
DA:23,6
DA:25,4
DA:26,4
DA:27,4
DA:29,2
DA:30,2
DA:31,2
DA:32,2
DA:35,2
DA:39,4
DA:40,4
DA:41,4
DA:42,2
DA:44,2
DA:48,4
DA:49,6
DA:50,6
DA:51,4
DA:52,2
DA:54,2
DA:58,4
DA:59,6
DA:60,6
DA:61,4
DA:62,2
DA:63,2
DA:64,0
DA:65,0
DA:66,0
DA:67,0
DA:70,0
DA:72,2
DA:75,2
DA:76,2
DA:78,2
DA:79,2
DA:80,2
DA:82,2
DA:83,0
DA:84,0
DA:85,0
DA:88,2
DA:92,4
DA:93,3
DA:94,3
DA:95,3
DA:97,3
DA:98,1
DA:101,2
DA:102,2
DA:103,1
DA:106,1
DA:108,1
DA:117,0
DA:118,0
DA:122,4
DA:123,6
DA:124,6
DA:125,4
DA:126,2
DA:127,0
DA:128,0
DA:129,0
DA:132,2
DA:133,2
DA:135,2
DA:136,2
DA:137,2
DA:139,2
LF:82
LH:69
BRDA:17,0,0,4
BRDA:17,0,1,2
BRDA:29,1,0,2
BRDA:29,1,1,0
BRDA:31,2,0,2
BRDA:31,2,1,0
BRDA:51,3,0,2
BRDA:51,3,1,2
BRDA:61,4,0,2
BRDA:61,4,1,2
BRDA:63,5,0,0
BRDA:63,5,1,2
BRDA:64,6,0,0
BRDA:64,6,1,0
BRDA:66,7,0,0
BRDA:66,7,1,0
BRDA:75,8,0,0
BRDA:75,8,1,2
BRDA:82,9,0,0
BRDA:82,9,1,2
BRDA:84,10,0,0
BRDA:84,10,1,0
BRDA:97,11,0,1
BRDA:97,11,1,2
BRDA:97,12,0,3
BRDA:97,12,1,3
BRDA:102,13,0,1
BRDA:102,13,1,1
BRDA:125,14,0,2
BRDA:125,14,1,2
BRDA:126,15,0,0
BRDA:126,15,1,2
BRDA:128,16,0,0
BRDA:128,16,1,0
BRDA:133,17,0,0
BRDA:133,17,1,2
BRF:36
BRH:21
end_of_record
TN:
SF:middlewares\auth.middleware.js
FN:3,(anonymous_0)
FN:17,(anonymous_1)
FNF:2
FNH:2
FNDA:6,(anonymous_0)
FNDA:4,(anonymous_1)
DA:1,4
DA:3,4
DA:4,6
DA:5,6
DA:7,4
DA:8,4
DA:9,2
DA:10,2
DA:12,2
DA:13,2
DA:17,4
DA:18,4
DA:19,2
DA:20,2
LF:14
LH:14
BRDA:5,0,0,2
BRDA:5,0,1,4
BRDA:18,1,0,2
BRDA:18,1,1,2
BRF:4
BRH:4
end_of_record
TN:
SF:middlewares\upload.js
FN:14,(anonymous_0)
FN:17,(anonymous_1)
FN:26,(anonymous_2)
FNF:3
FNH:0
FNDA:0,(anonymous_0)
FNDA:0,(anonymous_1)
FNDA:0,(anonymous_2)
DA:1,0
DA:2,0
DA:3,0
DA:6,0
DA:7,0
DA:8,0
DA:9,0
DA:13,0
DA:15,0
DA:19,0
DA:20,0
DA:21,0
DA:26,0
DA:27,0
DA:28,0
DA:31,0
DA:33,0
DA:34,0
DA:36,0
DA:43,0
DA:51,0
LF:21
LH:0
BRDA:8,0,0,0
BRDA:8,0,1,0
BRDA:33,1,0,0
BRDA:33,1,1,0
BRDA:33,2,0,0
BRDA:33,2,1,0
BRF:6
BRH:0
end_of_record
TN:
SF:models\product.model.js
FN:45,(anonymous_0)
FNF:1
FNH:1
FNDA:1,(anonymous_0)
DA:1,3
DA:2,3
DA:4,3
DA:45,3
DA:46,1
DA:47,1
DA:48,0
DA:50,1
DA:54,3
LF:9
LH:8
BRF:0
BRH:0
end_of_record
TN:
SF:routes\product.routes.js
FNF:0
FNH:0
DA:1,2
DA:2,2
DA:3,2
DA:11,2
DA:14,2
DA:15,2
DA:16,2
DA:17,2
DA:18,2
DA:19,2
DA:21,2
LF:11
LH:11
BRF:0
BRH:0
end_of_record
