TN:
SF:app.js
FN:40,(anonymous_0)
FN:42,(anonymous_1)
FN:60,(anonymous_2)
FN:75,(anonymous_3)
FN:88,(anonymous_4)
FN:103,(anonymous_5)
FNF:6
FNH:0
FNDA:0,(anonymous_0)
FNDA:0,(anonymous_1)
FNDA:0,(anonymous_2)
FNDA:0,(anonymous_3)
FNDA:0,(anonymous_4)
FNDA:0,(anonymous_5)
DA:2,1
DA:3,1
DA:7,1
DA:8,1
DA:9,1
DA:10,1
DA:11,1
DA:12,1
DA:13,1
DA:14,1
DA:16,1
DA:17,1
DA:20,1
DA:22,1
DA:25,1
DA:28,1
DA:33,1
DA:40,1
DA:41,0
DA:42,0
DA:43,0
DA:44,0
DA:45,0
DA:46,0
DA:51,0
DA:57,0
DA:60,1
DA:61,0
DA:62,0
DA:66,1
DA:69,1
DA:70,1
DA:71,1
DA:74,1
DA:75,1
DA:76,0
DA:88,1
DA:89,0
DA:103,1
DA:104,0
DA:105,0
DA:108,1
LF:42
LH:28
BRDA:45,0,0,0
BRDA:45,0,1,0
BRF:2
BRH:0
end_of_record
TN:
SF:config\db.js
FN:28,(anonymous_0)
FNF:1
FNH:1
FNDA:1,(anonymous_0)
DA:1,3
DA:3,3
DA:4,3
DA:5,3
DA:6,3
DA:8,3
DA:9,3
DA:10,0
DA:12,3
DA:13,3
DA:14,3
DA:16,3
DA:22,3
DA:28,3
DA:29,1
DA:31,1
DA:34,1
DA:37,1
DA:38,1
DA:40,0
DA:41,0
DA:45,3
LF:22
LH:19
BRDA:9,0,0,0
BRDA:9,0,1,3
BRF:2
BRH:1
end_of_record
TN:
SF:controllers\auth.controller.js
FN:13,(anonymous_0)
FN:39,(anonymous_1)
FN:61,(anonymous_2)
FN:73,(anonymous_3)
FN:92,(anonymous_4)
FN:105,(anonymous_5)
FN:117,(anonymous_6)
FN:137,(anonymous_7)
FNF:8
FNH:6
FNDA:3,(anonymous_0)
FNDA:4,(anonymous_1)
FNDA:2,(anonymous_2)
FNDA:3,(anonymous_3)
FNDA:3,(anonymous_4)
FNDA:3,(anonymous_5)
FNDA:0,(anonymous_6)
FNDA:0,(anonymous_7)
DA:1,2
DA:2,2
DA:3,2
DA:4,2
DA:5,2
DA:7,2
DA:13,2
DA:14,3
DA:15,3
DA:17,3
DA:18,2
DA:20,1
DA:22,1
DA:30,1
DA:31,1
DA:32,1
DA:34,1
DA:35,1
DA:39,2
DA:40,4
DA:41,4
DA:42,4
DA:43,3
DA:44,2
DA:45,2
DA:46,1
DA:52,1
DA:53,1
DA:54,1
DA:56,1
DA:57,1
DA:61,2
DA:62,2
DA:63,2
DA:66,1
DA:68,1
DA:69,1
DA:73,2
DA:74,3
DA:75,3
DA:77,3
DA:81,2
DA:82,1
DA:85,1
DA:87,1
DA:88,1
DA:92,2
DA:93,3
DA:94,3
DA:95,3
DA:96,3
DA:97,2
DA:98,1
DA:99,1
DA:101,1
DA:105,2
DA:106,3
DA:107,3
DA:108,3
DA:109,2
DA:110,1
DA:112,1
DA:117,2
DA:118,0
DA:119,0
DA:121,0
DA:125,0
DA:126,0
DA:129,0
DA:131,0
DA:132,0
DA:137,2
DA:138,0
DA:139,0
DA:140,0
DA:143,0
DA:144,0
DA:146,0
DA:148,0
DA:149,0
DA:152,0
DA:156,0
DA:158,0
DA:159,0
LF:84
LH:64
BRDA:18,0,0,1
BRDA:18,0,1,1
BRDA:27,1,0,1
BRDA:27,1,1,1
BRDA:43,2,0,1
BRDA:43,2,1,2
BRDA:45,3,0,1
BRDA:45,3,1,1
BRDA:81,4,0,1
BRDA:81,4,1,1
BRDA:97,5,0,1
BRDA:97,5,1,1
BRDA:109,6,0,1
BRDA:109,6,1,1
BRDA:125,7,0,0
BRDA:125,7,1,0
BRDA:148,8,0,0
BRDA:148,8,1,0
BRF:18
BRH:14
end_of_record
TN:
SF:middlewares\auth.middleware.js
FN:3,(anonymous_0)
FN:16,(anonymous_1)
FNF:2
FNH:2
FNDA:3,(anonymous_0)
FNDA:2,(anonymous_1)
DA:1,2
DA:3,2
DA:4,3
DA:5,3
DA:6,2
DA:7,2
DA:8,1
DA:9,1
DA:11,1
DA:12,1
DA:16,2
DA:17,2
DA:18,1
DA:19,1
LF:14
LH:14
BRDA:5,0,0,1
BRDA:5,0,1,2
BRDA:17,1,0,1
BRDA:17,1,1,1
BRF:4
BRH:4
end_of_record
TN:
SF:models\user.model.js
FN:47,(anonymous_0)
FNF:1
FNH:1
FNDA:2,(anonymous_0)
DA:1,3
DA:2,3
DA:4,3
DA:47,3
DA:48,2
DA:49,2
DA:50,0
DA:52,2
DA:59,3
LF:9
LH:8
BRF:0
BRH:0
end_of_record
TN:
SF:routes\auth.routes.js
FNF:0
FNH:0
DA:1,1
DA:11,1
DA:12,1
DA:14,1
DA:15,1
DA:18,1
DA:19,1
DA:22,1
DA:23,1
DA:24,1
DA:25,1
DA:27,1
LF:12
LH:12
BRF:0
BRH:0
end_of_record
